0 info it worked if it ends with ok
1 verbose cli [ 'C:\\Program Files\\nodejs\\node.exe',
1 verbose cli   'C:\\Program Files\\nodejs\\node_modules\\npm\\bin\\npm-cli.js',
1 verbose cli   'install',
1 verbose cli   'gulp',
1 verbose cli   'gulp-ruby-sass',
1 verbose cli   'gulp-notify',
1 verbose cli   'gulp-bower',
1 verbose cli   '--save-dev' ]
2 info using npm@2.15.9
3 info using node@v4.5.0
4 verbose install initial load of C:\laragon\www\package.json
5 verbose installManyTop reading scoped package data from C:\laragon\www\node_modules\bootstrap\package.json
6 verbose readDependencies loading dependencies from C:\laragon\www\package.json
7 silly cache add args [ 'gulp', null ]
8 verbose cache add spec gulp
9 silly cache add args [ 'gulp-ruby-sass', null ]
10 verbose cache add spec gulp-ruby-sass
11 silly cache add args [ 'gulp-notify', null ]
12 verbose cache add spec gulp-notify
13 silly cache add args [ 'gulp-bower', null ]
14 verbose cache add spec gulp-bower
15 silly cache add parsed spec Result {
15 silly cache add   raw: 'gulp',
15 silly cache add   scope: null,
15 silly cache add   name: 'gulp',
15 silly cache add   rawSpec: '',
15 silly cache add   spec: 'latest',
15 silly cache add   type: 'tag' }
16 silly addNamed gulp@latest
17 verbose addNamed "latest" is being treated as a dist-tag for gulp
18 info addNameTag [ 'gulp', 'latest' ]
19 silly mapToRegistry name gulp
20 silly mapToRegistry using default registry
21 silly mapToRegistry registry https://registry.npmjs.org/
22 silly mapToRegistry data Result {
22 silly mapToRegistry   raw: 'gulp',
22 silly mapToRegistry   scope: null,
22 silly mapToRegistry   name: 'gulp',
22 silly mapToRegistry   rawSpec: '',
22 silly mapToRegistry   spec: 'latest',
22 silly mapToRegistry   type: 'tag' }
23 silly mapToRegistry uri https://registry.npmjs.org/gulp
24 verbose addNameTag registry:https://registry.npmjs.org/gulp not in flight; fetching
25 silly cache add parsed spec Result {
25 silly cache add   raw: 'gulp-ruby-sass',
25 silly cache add   scope: null,
25 silly cache add   name: 'gulp-ruby-sass',
25 silly cache add   rawSpec: '',
25 silly cache add   spec: 'latest',
25 silly cache add   type: 'tag' }
26 silly addNamed gulp-ruby-sass@latest
27 verbose addNamed "latest" is being treated as a dist-tag for gulp-ruby-sass
28 info addNameTag [ 'gulp-ruby-sass', 'latest' ]
29 silly mapToRegistry name gulp-ruby-sass
30 silly mapToRegistry using default registry
31 silly mapToRegistry registry https://registry.npmjs.org/
32 silly mapToRegistry data Result {
32 silly mapToRegistry   raw: 'gulp-ruby-sass',
32 silly mapToRegistry   scope: null,
32 silly mapToRegistry   name: 'gulp-ruby-sass',
32 silly mapToRegistry   rawSpec: '',
32 silly mapToRegistry   spec: 'latest',
32 silly mapToRegistry   type: 'tag' }
33 silly mapToRegistry uri https://registry.npmjs.org/gulp-ruby-sass
34 verbose addNameTag registry:https://registry.npmjs.org/gulp-ruby-sass not in flight; fetching
35 silly cache add parsed spec Result {
35 silly cache add   raw: 'gulp-notify',
35 silly cache add   scope: null,
35 silly cache add   name: 'gulp-notify',
35 silly cache add   rawSpec: '',
35 silly cache add   spec: 'latest',
35 silly cache add   type: 'tag' }
36 silly addNamed gulp-notify@latest
37 verbose addNamed "latest" is being treated as a dist-tag for gulp-notify
38 info addNameTag [ 'gulp-notify', 'latest' ]
39 silly mapToRegistry name gulp-notify
40 silly mapToRegistry using default registry
41 silly mapToRegistry registry https://registry.npmjs.org/
42 silly mapToRegistry data Result {
42 silly mapToRegistry   raw: 'gulp-notify',
42 silly mapToRegistry   scope: null,
42 silly mapToRegistry   name: 'gulp-notify',
42 silly mapToRegistry   rawSpec: '',
42 silly mapToRegistry   spec: 'latest',
42 silly mapToRegistry   type: 'tag' }
43 silly mapToRegistry uri https://registry.npmjs.org/gulp-notify
44 verbose addNameTag registry:https://registry.npmjs.org/gulp-notify not in flight; fetching
45 silly cache add parsed spec Result {
45 silly cache add   raw: 'gulp-bower',
45 silly cache add   scope: null,
45 silly cache add   name: 'gulp-bower',
45 silly cache add   rawSpec: '',
45 silly cache add   spec: 'latest',
45 silly cache add   type: 'tag' }
46 silly addNamed gulp-bower@latest
47 verbose addNamed "latest" is being treated as a dist-tag for gulp-bower
48 info addNameTag [ 'gulp-bower', 'latest' ]
49 silly mapToRegistry name gulp-bower
50 silly mapToRegistry using default registry
51 silly mapToRegistry registry https://registry.npmjs.org/
52 silly mapToRegistry data Result {
52 silly mapToRegistry   raw: 'gulp-bower',
52 silly mapToRegistry   scope: null,
52 silly mapToRegistry   name: 'gulp-bower',
52 silly mapToRegistry   rawSpec: '',
52 silly mapToRegistry   spec: 'latest',
52 silly mapToRegistry   type: 'tag' }
53 silly mapToRegistry uri https://registry.npmjs.org/gulp-bower
54 verbose addNameTag registry:https://registry.npmjs.org/gulp-bower not in flight; fetching
55 verbose request uri https://registry.npmjs.org/gulp
56 verbose request no auth needed
57 info attempt registry request try #1 at 5:07:01 PM
58 verbose request id 5c93a9ce3001ea6e
59 http request GET https://registry.npmjs.org/gulp
60 verbose request uri https://registry.npmjs.org/gulp-ruby-sass
61 verbose request no auth needed
62 info attempt registry request try #1 at 5:07:01 PM
63 http request GET https://registry.npmjs.org/gulp-ruby-sass
64 verbose request uri https://registry.npmjs.org/gulp-notify
65 verbose request no auth needed
66 info attempt registry request try #1 at 5:07:01 PM
67 http request GET https://registry.npmjs.org/gulp-notify
68 verbose request uri https://registry.npmjs.org/gulp-bower
69 verbose request no auth needed
70 info attempt registry request try #1 at 5:07:01 PM
71 http request GET https://registry.npmjs.org/gulp-bower
72 info retry will retry, error on last attempt: Error: getaddrinfo ENOTFOUND registry.npmjs.org registry.npmjs.org:443
73 info retry will retry, error on last attempt: Error: getaddrinfo ENOTFOUND registry.npmjs.org registry.npmjs.org:443
74 info retry will retry, error on last attempt: Error: getaddrinfo ENOTFOUND registry.npmjs.org registry.npmjs.org:443
75 info attempt registry request try #2 at 5:07:23 PM
76 http request GET https://registry.npmjs.org/gulp-ruby-sass
77 info retry will retry, error on last attempt: Error: getaddrinfo ENOENT registry.npmjs.org:443
78 info attempt registry request try #2 at 5:07:24 PM
79 http request GET https://registry.npmjs.org/gulp-notify
80 info attempt registry request try #2 at 5:07:24 PM
81 http request GET https://registry.npmjs.org/gulp-bower
82 info retry will retry, error on last attempt: Error: getaddrinfo ENOENT registry.npmjs.org:443
83 info retry will retry, error on last attempt: Error: getaddrinfo ENOENT registry.npmjs.org:443
84 info attempt registry request try #3 at 5:08:23 PM
85 http request GET https://registry.npmjs.org/gulp-ruby-sass
86 info attempt registry request try #3 at 5:08:24 PM
87 http request GET https://registry.npmjs.org/gulp-notify
88 info attempt registry request try #3 at 5:08:24 PM
89 http request GET https://registry.npmjs.org/gulp-bower
90 info retry will retry, error on last attempt: Error: read ECONNRESET
91 info attempt registry request try #2 at 5:09:10 PM
92 http request GET https://registry.npmjs.org/gulp
93 http 200 https://registry.npmjs.org/gulp
94 verbose headers { server: 'nginx/1.10.1',
94 verbose headers   'content-type': 'application/json',
94 verbose headers   'last-modified': 'Thu, 06 Apr 2017 12:41:28 GMT',
94 verbose headers   etag: 'W/"58e63778-1d12a"',
94 verbose headers   'content-encoding': 'gzip',
94 verbose headers   'cache-control': 'max-age=300',
94 verbose headers   'content-length': '17440',
94 verbose headers   'accept-ranges': 'bytes',
94 verbose headers   date: 'Thu, 06 Apr 2017 16:09:25 GMT',
94 verbose headers   via: '1.1 varnish',
94 verbose headers   age: '96',
94 verbose headers   connection: 'keep-alive',
94 verbose headers   'x-served-by': 'cache-lcy1143-LCY',
94 verbose headers   'x-cache': 'HIT',
94 verbose headers   'x-cache-hits': '3',
94 verbose headers   'x-timer': 'S1491494966.525798,VS0,VE0',
94 verbose headers   vary: 'Accept-Encoding' }
95 silly get cb [ 200,
95 silly get   { server: 'nginx/1.10.1',
95 silly get     'content-type': 'application/json',
95 silly get     'last-modified': 'Thu, 06 Apr 2017 12:41:28 GMT',
95 silly get     etag: 'W/"58e63778-1d12a"',
95 silly get     'content-encoding': 'gzip',
95 silly get     'cache-control': 'max-age=300',
95 silly get     'content-length': '17440',
95 silly get     'accept-ranges': 'bytes',
95 silly get     date: 'Thu, 06 Apr 2017 16:09:25 GMT',
95 silly get     via: '1.1 varnish',
95 silly get     age: '96',
95 silly get     connection: 'keep-alive',
95 silly get     'x-served-by': 'cache-lcy1143-LCY',
95 silly get     'x-cache': 'HIT',
95 silly get     'x-cache-hits': '3',
95 silly get     'x-timer': 'S1491494966.525798,VS0,VE0',
95 silly get     vary: 'Accept-Encoding' } ]
96 verbose get saving gulp to C:\Users\user\AppData\Roaming\npm-cache\registry.npmjs.org\gulp\.cache.json
97 verbose correctMkdir C:\Users\user\AppData\Roaming\npm-cache correctMkdir not in flight; initializing
98 silly addNameTag next cb for gulp with tag latest
99 silly addNamed gulp@3.9.1
100 verbose addNamed "3.9.1" is a plain semver version for gulp
101 silly mapToRegistry name gulp
102 silly mapToRegistry using default registry
103 silly mapToRegistry registry https://registry.npmjs.org/
104 silly mapToRegistry data Result {
104 silly mapToRegistry   raw: 'gulp',
104 silly mapToRegistry   scope: null,
104 silly mapToRegistry   name: 'gulp',
104 silly mapToRegistry   rawSpec: '',
104 silly mapToRegistry   spec: 'latest',
104 silly mapToRegistry   type: 'tag' }
105 silly mapToRegistry uri https://registry.npmjs.org/gulp
106 verbose addRemoteTarball https://registry.npmjs.org/gulp/-/gulp-3.9.1.tgz not in flight; adding
107 verbose addRemoteTarball [ 'https://registry.npmjs.org/gulp/-/gulp-3.9.1.tgz',
107 verbose addRemoteTarball   '571ce45928dd40af6514fc4011866016c13845b4' ]
108 info retry fetch attempt 1 at 5:09:24 PM
109 info attempt registry request try #1 at 5:09:24 PM
110 http fetch GET https://registry.npmjs.org/gulp/-/gulp-3.9.1.tgz
111 http fetch 200 https://registry.npmjs.org/gulp/-/gulp-3.9.1.tgz
112 silly fetchAndShaCheck shasum 571ce45928dd40af6514fc4011866016c13845b4
113 verbose addTmpTarball C:\Users\user\AppData\Local\Temp\npm-4332-9e031c7c\registry.npmjs.org\gulp\-\gulp-3.9.1.tgz not in flight; adding
114 verbose addTmpTarball already have metadata; skipping unpack for gulp@3.9.1
115 verbose correctMkdir C:\Users\user\AppData\Roaming\npm-cache correctMkdir not in flight; initializing
116 silly cache afterAdd gulp@3.9.1
117 verbose afterAdd C:\Users\user\AppData\Roaming\npm-cache\gulp\3.9.1\package\package.json not in flight; writing
118 verbose correctMkdir C:\Users\user\AppData\Roaming\npm-cache correctMkdir not in flight; initializing
119 verbose afterAdd C:\Users\user\AppData\Roaming\npm-cache\gulp\3.9.1\package\package.json written
120 verbose stack Error: getaddrinfo ENOENT registry.npmjs.org:443
120 verbose stack     at Object.exports._errnoException (util.js:907:11)
120 verbose stack     at errnoException (dns.js:32:15)
120 verbose stack     at GetAddrInfoReqWrap.onlookup [as oncomplete] (dns.js:78:26)
121 verbose cwd C:\laragon\www\test
122 error Windows_NT 6.1.7601
123 error argv "C:\\Program Files\\nodejs\\node.exe" "C:\\Program Files\\nodejs\\node_modules\\npm\\bin\\npm-cli.js" "install" "gulp" "gulp-ruby-sass" "gulp-notify" "gulp-bower" "--save-dev"
124 error node v4.5.0
125 error npm  v2.15.9
126 error code ENOENT
127 error errno ENOENT
128 error syscall getaddrinfo
129 error enoent getaddrinfo ENOENT registry.npmjs.org:443
129 error enoent This is most likely not a problem with npm itself
129 error enoent and is related to npm not being able to find a file.
130 verbose exit [ 1, true ]
